<?xml version="1.0" encoding="UTF-8"?>
<testng-results ignored="0" total="1" passed="1" failed="0" skipped="0">
  <reporter-output>
  </reporter-output>
  <suite started-at="2024-11-23T10:52:35 IST" name="Suite" finished-at="2024-11-23T10:52:55 IST" duration-ms="20884">
    <groups>
    </groups>
    <test started-at="2024-11-23T10:52:35 IST" name="Test" finished-at="2024-11-23T10:52:55 IST" duration-ms="20884">
      <class name="testCases.TC_001AccountRegistrationTest">
        <test-method is-config="true" signature="setup(java.lang.String,java.lang.String)[pri:0, instance:testCases.TC_001AccountRegistrationTest@10e31a9a]" started-at="2024-11-23T10:52:35 IST" name="setup" finished-at="2024-11-23T10:52:39 IST" duration-ms="4109" status="PASS">
          <params>
            <param index="0">
              <value>
                <![CDATA[windows]]>
              </value>
            </param>
            <param index="1">
              <value>
                <![CDATA[chrome]]>
              </value>
            </param>
          </params>
          <reporter-output>
          </reporter-output>
        </test-method> <!-- setup -->
        <test-method signature="verify_account_registratoin()[pri:0, instance:testCases.TC_001AccountRegistrationTest@10e31a9a]" started-at="2024-11-23T10:52:39 IST" name="verify_account_registratoin" finished-at="2024-11-23T10:52:55 IST" duration-ms="16391" status="PASS">
          <reporter-output>
          </reporter-output>
        </test-method> <!-- verify_account_registratoin -->
        <test-method is-config="true" signature="tearDown()[pri:0, instance:testCases.TC_001AccountRegistrationTest@10e31a9a]" started-at="2024-11-23T10:52:55 IST" name="tearDown" finished-at="2024-11-23T10:52:55 IST" duration-ms="285" status="PASS">
          <reporter-output>
          </reporter-output>
        </test-method> <!-- tearDown -->
      </class> <!-- testCases.TC_001AccountRegistrationTest -->
    </test> <!-- Test -->
  </suite> <!-- Suite -->
</testng-results>
